{
  "RSpec": {
    "coverage": {
      "/Users/giovanni.fantini/repositories/smart-p-ruby-app/lib/parser/base.rb": {
        "lines": [
          null,
          null,
          1,
          1,
          1,
          1,
          4,
          null,
          null,
          1,
          4,
          null,
          3,
          null,
          null,
          1,
          1,
          null,
          null,
          1,
          null,
          1,
          null,
          null,
          null
        ]
      },
      "/Users/giovanni.fantini/repositories/smart-p-ruby-app/lib/parser/csv.rb": {
        "lines": [
          null,
          null,
          1,
          null,
          1,
          1,
          1,
          1,
          null,
          1,
          2,
          2,
          null,
          null,
          1,
          2,
          null,
          null,
          1,
          null,
          1,
          null,
          1,
          1,
          null,
          1,
          6,
          null,
          null,
          1,
          null,
          null,
          1,
          1,
          null,
          null,
          null,
          null
        ]
      },
      "/Users/giovanni.fantini/repositories/smart-p-ruby-app/lib/views_calculator.rb": {
        "lines": [
          null,
          null,
          1,
          1,
          1,
          1,
          null,
          1,
          3,
          null,
          null,
          1,
          3,
          3,
          null,
          null,
          1,
          3,
          1,
          null,
          null,
          2,
          null,
          null,
          1,
          null,
          1,
          null,
          1,
          2,
          6,
          6,
          null,
          null,
          null,
          1,
          6,
          null,
          8,
          null,
          3,
          null,
          null,
          null,
          null
        ]
      },
      "/Users/giovanni.fantini/repositories/smart-p-ruby-app/lib/views_counter.rb": {
        "lines": [
          null,
          null,
          1,
          1,
          1,
          2,
          null,
          null,
          1,
          2,
          2,
          null,
          null,
          1,
          2,
          2,
          null,
          null,
          1,
          null,
          1,
          null,
          1,
          2,
          null,
          null,
          1,
          1,
          null,
          null,
          1,
          1,
          null,
          null,
          1,
          5,
          null,
          null,
          1,
          3,
          null,
          null,
          null
        ]
      },
      "/Users/giovanni.fantini/repositories/smart-p-ruby-app/lib/views_presenter.rb": {
        "lines": [
          null,
          null,
          1,
          1,
          1,
          1,
          null,
          1,
          3,
          null,
          null,
          1,
          3,
          3,
          null,
          null,
          1,
          3,
          1,
          null,
          null,
          2,
          2,
          null,
          null,
          1,
          null,
          1,
          null,
          1,
          7,
          null,
          null,
          1,
          2,
          null,
          null,
          null,
          null,
          null,
          null,
          1,
          4,
          null,
          1,
          null,
          1,
          null,
          null,
          null,
          null
        ]
      },
      "/Users/giovanni.fantini/repositories/smart-p-ruby-app/spec/parser/base_spec.rb": {
        "lines": [
          null,
          null,
          1,
          1,
          1,
          2,
          null,
          1,
          2,
          null,
          null,
          null,
          1,
          2,
          null,
          1,
          2,
          null,
          null,
          null,
          null
        ]
      },
      "/Users/giovanni.fantini/repositories/smart-p-ruby-app/spec/parser/csv_spec.rb": {
        "lines": [
          null,
          null,
          1,
          1,
          1,
          1,
          1,
          6,
          6,
          null,
          null,
          null,
          1,
          null,
          1,
          null,
          null,
          null,
          null,
          null,
          1,
          1,
          null,
          null,
          null,
          1,
          2,
          null,
          1,
          null,
          1,
          null,
          null,
          null,
          null,
          null,
          null,
          null,
          null,
          1,
          1,
          null,
          null,
          null,
          null
        ]
      },
      "/Users/giovanni.fantini/repositories/smart-p-ruby-app/spec/views_calculator_spec.rb": {
        "lines": [
          null,
          null,
          1,
          1,
          4,
          null,
          1,
          null,
          3,
          null,
          null,
          null,
          null,
          null,
          null,
          null,
          null,
          null,
          null,
          null,
          null,
          null,
          1,
          2,
          null,
          1,
          2,
          null,
          null,
          null,
          null,
          null,
          null,
          1,
          2,
          1,
          null,
          1,
          null,
          null,
          null,
          null,
          null,
          1,
          1,
          null,
          null,
          null,
          1,
          2,
          1,
          null,
          1,
          null,
          null,
          null,
          null,
          null,
          1,
          1,
          null,
          null,
          null,
          null
        ]
      },
      "/Users/giovanni.fantini/repositories/smart-p-ruby-app/spec/views_counter_spec.rb": {
        "lines": [
          null,
          null,
          1,
          1,
          3,
          null,
          1,
          2,
          null,
          null,
          1,
          1,
          null,
          1,
          null,
          null,
          null,
          null,
          null,
          null,
          null,
          null,
          null,
          null,
          null,
          null,
          1,
          null,
          1,
          null,
          null,
          null,
          null,
          null,
          null,
          null,
          null,
          null,
          null,
          null,
          null,
          null,
          1,
          1,
          null,
          null,
          null,
          1,
          1,
          null,
          1,
          null,
          null,
          null,
          null,
          null,
          null,
          null,
          null,
          null,
          1,
          null,
          1,
          null,
          null,
          null,
          null,
          null,
          null,
          null,
          null,
          null,
          null,
          null,
          null,
          1,
          1,
          null,
          null,
          null,
          null
        ]
      },
      "/Users/giovanni.fantini/repositories/smart-p-ruby-app/spec/views_presenter_spec.rb": {
        "lines": [
          null,
          null,
          1,
          1,
          4,
          null,
          1,
          null,
          2,
          null,
          null,
          null,
          null,
          null,
          1,
          2,
          null,
          1,
          2,
          null,
          null,
          null,
          null,
          null,
          null,
          1,
          2,
          1,
          1,
          null,
          null,
          null,
          null,
          null,
          null,
          null,
          null,
          1,
          2,
          null,
          null,
          null,
          1,
          2,
          1,
          null,
          1,
          null,
          null,
          null,
          null,
          1,
          1,
          null,
          null,
          null,
          null,
          null,
          null,
          null,
          null,
          1,
          2,
          null,
          null,
          null,
          null
        ]
      }
    },
    "timestamp": 1598988265
  }
}
